<?xml version="1.0" encoding="UTF-8"?>
<!-- Generated by org.testng.reporters.JUnitReportReporter -->
<testsuite hostname="DELL1" name="com.jenkins_maven_combinedemo.demoformavinjenkins" tests="1" failures="0" timestamp="8 Nov 2018 11:00:36 GMT" time="0.012" errors="0">
  <testcase name="try1" time="0.012" classname="com.jenkins_maven_combinedemo.demoformavinjenkins"/>
</testsuite> <!-- com.jenkins_maven_combinedemo.demoformavinjenkins -->
